# JRE version: Java(TM) SE Runtime Environment (17.0.8+9) (build 17.0.8+9-LTS-211)
# Java VM: Java HotSpot(TM) 64-Bit Server VM (17.0.8+9-LTS-211, mixed mode, sharing, tiered, compressed oops, compressed class ptrs, g1 gc, windows-amd64)
GC Precious Log:
 CPUs: 2 total, 2 available
 Memory: 3902M
 Large Page Support: Disabled
 NUMA Support: Disabled
 Compressed Oops: Enabled (32-bit)
 Heap Region Size: 1M
 Heap Min Capacity: 8M
 Heap Initial Capacity: 62M
 Heap Max Capacity: 976M
 Pre-touch: Disabled
 Parallel Workers: 2
 Concurrent Workers: 1
 Concurrent Refinement Workers: 2
 Periodic GC: Disabled
Heap:
 garbage-first heap   total 120832K, used 114408K [0x00000000c3000000, 0x0000000100000000)
  region size 1024K, 2 young (2048K), 1 survivors (1024K)
 Metaspace       used 22844K, committed 23168K, reserved 1114112K
  class space    used 3053K, committed 3200K, reserved 1048576K
GC Heap History (20 events):
Event: 18.548 GC heap before
{Heap before GC invocations=3 (full 0):
 garbage-first heap   total 63488K, used 48312K [0x00000000c3000000, 0x0000000100000000)
  region size 1024K, 27 young (27648K), 5 survivors (5120K)
 Metaspace       used 20422K, committed 20736K, reserved 1114112K
  class space    used 2764K, committed 2944K, reserved 1048576K
}
Event: 18.571 GC heap after
{Heap after GC invocations=4 (full 0):
 garbage-first heap   total 63488K, used 31429K [0x00000000c3000000, 0x0000000100000000)
  region size 1024K, 4 young (4096K), 4 survivors (4096K)
 Metaspace       used 20422K, committed 20736K, reserved 1114112K
  class space    used 2764K, committed 2944K, reserved 1048576K
}
Event: 18.619 GC heap before
{Heap before GC invocations=4 (full 0):
 garbage-first heap   total 63488K, used 35525K [0x00000000c3000000, 0x0000000100000000)
  region size 1024K, 5 young (5120K), 4 survivors (4096K)
 Metaspace       used 20427K, committed 20736K, reserved 1114112K
  class space    used 2764K, committed 2944K, reserved 1048576K
}
Event: 18.628 GC heap after
{Heap after GC invocations=5 (full 0):
 garbage-first heap   total 63488K, used 36253K [0x00000000c3000000, 0x0000000100000000)
  region size 1024K, 1 young (1024K), 1 survivors (1024K)
 Metaspace       used 20427K, committed 20736K, reserved 1114112K
  class space    used 2764K, committed 2944K, reserved 1048576K
}
Event: 18.684 GC heap before
{Heap before GC invocations=6 (full 0):
 garbage-first heap   total 70656K, used 40349K [0x00000000c3000000, 0x0000000100000000)
  region size 1024K, 2 young (2048K), 1 survivors (1024K)
 Metaspace       used 20427K, committed 20736K, reserved 1114112K
  class space    used 2764K, committed 2944K, reserved 1048576K
}
Event: 18.686 GC heap after
{Heap after GC invocations=7 (full 0):
 garbage-first heap   total 70656K, used 39812K [0x00000000c3000000, 0x0000000100000000)
  region size 1024K, 1 young (1024K), 1 survivors (1024K)
 Metaspace       used 20427K, committed 20736K, reserved 1114112K
  class space    used 2764K, committed 2944K, reserved 1048576K
}
Event: 18.791 GC heap before
{Heap before GC invocations=8 (full 0):
 garbage-first heap   total 70656K, used 43908K [0x00000000c3000000, 0x0000000100000000)
  region size 1024K, 2 young (2048K), 1 survivors (1024K)
 Metaspace       used 20427K, committed 20736K, reserved 1114112K
  class space    used 2764K, committed 2944K, reserved 1048576K
}
Event: 18.793 GC heap after
{Heap after GC invocations=9 (full 0):
 garbage-first heap   total 70656K, used 43871K [0x00000000c3000000, 0x0000000100000000)
  region size 1024K, 1 young (1024K), 1 survivors (1024K)
 Metaspace       used 20427K, committed 20736K, reserved 1114112K
  class space    used 2764K, committed 2944K, reserved 1048576K
}
Event: 18.884 GC heap before
{Heap before GC invocations=10 (full 0):
 garbage-first heap   total 83968K, used 47967K [0x00000000c3000000, 0x0000000100000000)
  region size 1024K, 2 young (2048K), 1 survivors (1024K)
 Metaspace       used 20443K, committed 20800K, reserved 1114112K
  class space    used 2764K, committed 2944K, reserved 1048576K
}
Event: 18.886 GC heap after
{Heap after GC invocations=11 (full 0):
 garbage-first heap   total 83968K, used 48061K [0x00000000c3000000, 0x0000000100000000)
  region size 1024K, 1 young (1024K), 1 survivors (1024K)
 Metaspace       used 20443K, committed 20800K, reserved 1114112K
  class space    used 2764K, committed 2944K, reserved 1048576K
}
Event: 18.931 GC heap before
{Heap before GC invocations=12 (full 0):
 garbage-first heap   total 91136K, used 52157K [0x00000000c3000000, 0x0000000100000000)
  region size 1024K, 2 young (2048K), 1 survivors (1024K)
 Metaspace       used 20443K, committed 20800K, reserved 1114112K
  class space    used 2764K, committed 2944K, reserved 1048576K
}
Event: 18.932 GC heap after
{Heap after GC invocations=13 (full 0):
 garbage-first heap   total 91136K, used 52157K [0x00000000c3000000, 0x0000000100000000)
  region size 1024K, 1 young (1024K), 1 survivors (1024K)
 Metaspace       used 20443K, committed 20800K, reserved 1114112K
  class space    used 2764K, committed 2944K, reserved 1048576K
}
Event: 23.148 GC heap before
{Heap before GC invocations=14 (full 0):
 garbage-first heap   total 97280K, used 59325K [0x00000000c3000000, 0x0000000100000000)
  region size 1024K, 5 young (5120K), 1 survivors (1024K)
 Metaspace       used 20912K, committed 21184K, reserved 1114112K
  class space    used 2817K, committed 2944K, reserved 1048576K
}
Event: 23.152 GC heap after
{Heap after GC invocations=15 (full 0):
 garbage-first heap   total 97280K, used 56738K [0x00000000c3000000, 0x0000000100000000)
  region size 1024K, 1 young (1024K), 1 survivors (1024K)
 Metaspace       used 20912K, committed 21184K, reserved 1114112K
  class space    used 2817K, committed 2944K, reserved 1048576K
}
Event: 39.386 GC heap before
{Heap before GC invocations=16 (full 0):
 garbage-first heap   total 112640K, used 104866K [0x00000000c3000000, 0x0000000100000000)
  region size 1024K, 20 young (20480K), 1 survivors (1024K)
 Metaspace       used 22812K, committed 23104K, reserved 1114112K
  class space    used 3049K, committed 3200K, reserved 1048576K
}
Event: 39.396 GC heap after
{Heap after GC invocations=17 (full 0):
 garbage-first heap   total 112640K, used 89975K [0x00000000c3000000, 0x0000000100000000)
  region size 1024K, 3 young (3072K), 3 survivors (3072K)
 Metaspace       used 22812K, committed 23104K, reserved 1114112K
  class space    used 3049K, committed 3200K, reserved 1048576K
}
Event: 39.557 GC heap before
{Heap before GC invocations=17 (full 0):
 garbage-first heap   total 112640K, used 106359K [0x00000000c3000000, 0x0000000100000000)
  region size 1024K, 4 young (4096K), 3 survivors (3072K)
 Metaspace       used 22835K, committed 23168K, reserved 1114112K
  class space    used 3052K, committed 3200K, reserved 1048576K
}
Event: 39.568 GC heap after
{Heap after GC invocations=18 (full 0):
 garbage-first heap   total 112640K, used 106448K [0x00000000c3000000, 0x0000000100000000)
  region size 1024K, 1 young (1024K), 1 survivors (1024K)
 Metaspace       used 22835K, committed 23168K, reserved 1114112K
  class space    used 3052K, committed 3200K, reserved 1048576K
}
Event: 39.632 GC heap before
{Heap before GC invocations=18 (full 0):
 garbage-first heap   total 116736K, used 110544K [0x00000000c3000000, 0x0000000100000000)
  region size 1024K, 2 young (2048K), 1 survivors (1024K)
 Metaspace       used 22844K, committed 23168K, reserved 1114112K
  class space    used 3053K, committed 3200K, reserved 1048576K
}
Event: 39.634 GC heap after
{Heap after GC invocations=19 (full 0):
 garbage-first heap   total 116736K, used 110312K [0x00000000c3000000, 0x0000000100000000)
  region size 1024K, 1 young (1024K), 1 survivors (1024K)
 Metaspace       used 22844K, committed 23168K, reserved 1114112K
  class space    used 3053K, committed 3200K, reserved 1048576K
}

