# JRE version: Java(TM) SE Runtime Environment (17.0.8+9) (build 17.0.8+9-LTS-211)
# Java VM: Java HotSpot(TM) 64-Bit Server VM (17.0.8+9-LTS-211, mixed mode, sharing, tiered, compressed oops, compressed class ptrs, g1 gc, windows-amd64)
GC Precious Log:
 CPUs: 2 total, 2 available
 Memory: 3902M
 Large Page Support: Disabled
 NUMA Support: Disabled
 Compressed Oops: Enabled (32-bit)
 Heap Region Size: 1M
 Heap Min Capacity: 8M
 Heap Initial Capacity: 62M
 Heap Max Capacity: 976M
 Pre-touch: Disabled
 Parallel Workers: 2
 Concurrent Workers: 1
 Concurrent Refinement Workers: 2
 Periodic GC: Disabled
Heap:
 garbage-first heap   total 97280K, used 58002K [0x00000000c3000000, 0x0000000100000000)
  region size 1024K, 4 young (4096K), 1 survivors (1024K)
 Metaspace       used 20840K, committed 21120K, reserved 1114112K
  class space    used 2815K, committed 2944K, reserved 1048576K
GC Heap History (16 events):
Event: 0.888 GC heap before
{Heap before GC invocations=0 (full 0):
 garbage-first heap   total 63488K, used 5120K [0x00000000c3000000, 0x0000000100000000)
  region size 1024K, 6 young (6144K), 0 survivors (0K)
 Metaspace       used 691K, committed 832K, reserved 1114112K
  class space    used 57K, committed 128K, reserved 1048576K
}
Event: 0.894 GC heap after
{Heap after GC invocations=1 (full 0):
 garbage-first heap   total 63488K, used 744K [0x00000000c3000000, 0x0000000100000000)
  region size 1024K, 1 young (1024K), 1 survivors (1024K)
 Metaspace       used 691K, committed 832K, reserved 1114112K
  class space    used 57K, committed 128K, reserved 1048576K
}
Event: 1.969 GC heap before
{Heap before GC invocations=1 (full 0):
 garbage-first heap   total 63488K, used 6888K [0x00000000c3000000, 0x0000000100000000)
  region size 1024K, 8 young (8192K), 1 survivors (1024K)
 Metaspace       used 1533K, committed 1728K, reserved 1114112K
  class space    used 163K, committed 256K, reserved 1048576K
}
Event: 1.974 GC heap after
{Heap after GC invocations=2 (full 0):
 garbage-first heap   total 63488K, used 1592K [0x00000000c3000000, 0x0000000100000000)
  region size 1024K, 1 young (1024K), 1 survivors (1024K)
 Metaspace       used 1533K, committed 1728K, reserved 1114112K
  class space    used 163K, committed 256K, reserved 1048576K
}
Event: 4.928 GC heap before
{Heap before GC invocations=2 (full 0):
 garbage-first heap   total 63488K, used 37432K [0x00000000c3000000, 0x0000000100000000)
  region size 1024K, 37 young (37888K), 1 survivors (1024K)
 Metaspace       used 11549K, committed 11776K, reserved 1114112K
  class space    used 1629K, committed 1728K, reserved 1048576K
}
Event: 4.943 GC heap after
{Heap after GC invocations=3 (full 0):
 garbage-first heap   total 63488K, used 6286K [0x00000000c3000000, 0x0000000100000000)
  region size 1024K, 5 young (5120K), 5 survivors (5120K)
 Metaspace       used 11549K, committed 11776K, reserved 1114112K
  class space    used 1629K, committed 1728K, reserved 1048576K
}
Event: 17.674 GC heap before
{Heap before GC invocations=3 (full 0):
 garbage-first heap   total 63488K, used 51342K [0x00000000c3000000, 0x0000000100000000)
  region size 1024K, 26 young (26624K), 5 survivors (5120K)
 Metaspace       used 20476K, committed 20800K, reserved 1114112K
  class space    used 2770K, committed 2944K, reserved 1048576K
}
Event: 17.691 GC heap after
{Heap after GC invocations=4 (full 0):
 garbage-first heap   total 63488K, used 35421K [0x00000000c3000000, 0x0000000100000000)
  region size 1024K, 4 young (4096K), 4 survivors (4096K)
 Metaspace       used 20476K, committed 20800K, reserved 1114112K
  class space    used 2770K, committed 2944K, reserved 1048576K
}
Event: 17.790 GC heap before
{Heap before GC invocations=5 (full 0):
 garbage-first heap   total 63488K, used 39517K [0x00000000c3000000, 0x0000000100000000)
  region size 1024K, 5 young (5120K), 4 survivors (4096K)
 Metaspace       used 20476K, committed 20800K, reserved 1114112K
  class space    used 2770K, committed 2944K, reserved 1048576K
}
Event: 17.796 GC heap after
{Heap after GC invocations=6 (full 0):
 garbage-first heap   total 63488K, used 40053K [0x00000000c3000000, 0x0000000100000000)
  region size 1024K, 1 young (1024K), 1 survivors (1024K)
 Metaspace       used 20476K, committed 20800K, reserved 1114112K
  class space    used 2770K, committed 2944K, reserved 1048576K
}
Event: 17.928 GC heap before
{Heap before GC invocations=7 (full 0):
 garbage-first heap   total 68608K, used 44149K [0x00000000c3000000, 0x0000000100000000)
  region size 1024K, 2 young (2048K), 1 survivors (1024K)
 Metaspace       used 20476K, committed 20800K, reserved 1114112K
  class space    used 2770K, committed 2944K, reserved 1048576K
}
Event: 17.930 GC heap after
{Heap after GC invocations=8 (full 0):
 garbage-first heap   total 68608K, used 43685K [0x00000000c3000000, 0x0000000100000000)
  region size 1024K, 1 young (1024K), 1 survivors (1024K)
 Metaspace       used 20476K, committed 20800K, reserved 1114112K
  class space    used 2770K, committed 2944K, reserved 1048576K
}
Event: 18.032 GC heap before
{Heap before GC invocations=9 (full 0):
 garbage-first heap   total 83968K, used 47781K [0x00000000c3000000, 0x0000000100000000)
  region size 1024K, 2 young (2048K), 1 survivors (1024K)
 Metaspace       used 20490K, committed 20800K, reserved 1114112K
  class space    used 2770K, committed 2944K, reserved 1048576K
}
Event: 18.034 GC heap after
{Heap after GC invocations=10 (full 0):
 garbage-first heap   total 83968K, used 47766K [0x00000000c3000000, 0x0000000100000000)
  region size 1024K, 1 young (1024K), 1 survivors (1024K)
 Metaspace       used 20490K, committed 20800K, reserved 1114112K
  class space    used 2770K, committed 2944K, reserved 1048576K
}
Event: 18.076 GC heap before
{Heap before GC invocations=11 (full 0):
 garbage-first heap   total 91136K, used 51862K [0x00000000c3000000, 0x0000000100000000)
  region size 1024K, 2 young (2048K), 1 survivors (1024K)
 Metaspace       used 20490K, committed 20800K, reserved 1114112K
  class space    used 2770K, committed 2944K, reserved 1048576K
}
Event: 18.078 GC heap after
{Heap after GC invocations=12 (full 0):
 garbage-first heap   total 91136K, used 51858K [0x00000000c3000000, 0x0000000100000000)
  region size 1024K, 1 young (1024K), 1 survivors (1024K)
 Metaspace       used 20490K, committed 20800K, reserved 1114112K
  class space    used 2770K, committed 2944K, reserved 1048576K
}

