# JRE version: Java(TM) SE Runtime Environment (17.0.8+9) (build 17.0.8+9-LTS-211)
# Java VM: Java HotSpot(TM) 64-Bit Server VM (17.0.8+9-LTS-211, mixed mode, sharing, tiered, compressed oops, compressed class ptrs, g1 gc, windows-amd64)
GC Precious Log:
 CPUs: 2 total, 2 available
 Memory: 3902M
 Large Page Support: Disabled
 NUMA Support: Disabled
 Compressed Oops: Enabled (32-bit)
 Heap Region Size: 1M
 Heap Min Capacity: 8M
 Heap Initial Capacity: 62M
 Heap Max Capacity: 976M
 Pre-touch: Disabled
 Parallel Workers: 2
 Concurrent Workers: 1
 Concurrent Refinement Workers: 2
 Periodic GC: Disabled
Heap:
 garbage-first heap   total 83968K, used 80426K [0x00000000c3000000, 0x0000000100000000)
  region size 1024K, 3 young (3072K), 1 survivors (1024K)
 Metaspace       used 21310K, committed 21568K, reserved 1114112K
  class space    used 2816K, committed 2944K, reserved 1048576K
GC Heap History (12 events):
Event: 0.777 GC heap before
{Heap before GC invocations=0 (full 0):
 garbage-first heap   total 63488K, used 5120K [0x00000000c3000000, 0x0000000100000000)
  region size 1024K, 6 young (6144K), 0 survivors (0K)
 Metaspace       used 694K, committed 832K, reserved 1114112K
  class space    used 57K, committed 128K, reserved 1048576K
}
Event: 0.792 GC heap after
{Heap after GC invocations=1 (full 0):
 garbage-first heap   total 63488K, used 727K [0x00000000c3000000, 0x0000000100000000)
  region size 1024K, 1 young (1024K), 1 survivors (1024K)
 Metaspace       used 694K, committed 832K, reserved 1114112K
  class space    used 57K, committed 128K, reserved 1048576K
}
Event: 1.570 GC heap before
{Heap before GC invocations=1 (full 0):
 garbage-first heap   total 63488K, used 6871K [0x00000000c3000000, 0x0000000100000000)
  region size 1024K, 8 young (8192K), 1 survivors (1024K)
 Metaspace       used 1549K, committed 1728K, reserved 1114112K
  class space    used 163K, committed 256K, reserved 1048576K
}
Event: 1.575 GC heap after
{Heap after GC invocations=2 (full 0):
 garbage-first heap   total 63488K, used 1581K [0x00000000c3000000, 0x0000000100000000)
  region size 1024K, 1 young (1024K), 1 survivors (1024K)
 Metaspace       used 1549K, committed 1728K, reserved 1114112K
  class space    used 163K, committed 256K, reserved 1048576K
}
Event: 4.117 GC heap before
{Heap before GC invocations=2 (full 0):
 garbage-first heap   total 63488K, used 37421K [0x00000000c3000000, 0x0000000100000000)
  region size 1024K, 37 young (37888K), 1 survivors (1024K)
 Metaspace       used 11615K, committed 11776K, reserved 1114112K
  class space    used 1637K, committed 1728K, reserved 1048576K
}
Event: 4.132 GC heap after
{Heap after GC invocations=3 (full 0):
 garbage-first heap   total 63488K, used 6561K [0x00000000c3000000, 0x0000000100000000)
  region size 1024K, 5 young (5120K), 5 survivors (5120K)
 Metaspace       used 11615K, committed 11776K, reserved 1114112K
  class space    used 1637K, committed 1728K, reserved 1048576K
}
Event: 23.281 GC heap before
{Heap before GC invocations=3 (full 0):
 garbage-first heap   total 63488K, used 49569K [0x00000000c3000000, 0x0000000100000000)
  region size 1024K, 28 young (28672K), 5 survivors (5120K)
 Metaspace       used 20741K, committed 20992K, reserved 1114112K
  class space    used 2765K, committed 2880K, reserved 1048576K
}
Event: 23.353 GC heap after
{Heap after GC invocations=4 (full 0):
 garbage-first heap   total 63488K, used 31662K [0x00000000c3000000, 0x0000000100000000)
  region size 1024K, 4 young (4096K), 4 survivors (4096K)
 Metaspace       used 20741K, committed 20992K, reserved 1114112K
  class space    used 2765K, committed 2880K, reserved 1048576K
}
Event: 23.433 GC heap before
{Heap before GC invocations=4 (full 0):
 garbage-first heap   total 63488K, used 35758K [0x00000000c3000000, 0x0000000100000000)
  region size 1024K, 5 young (5120K), 4 survivors (4096K)
 Metaspace       used 20744K, committed 20992K, reserved 1114112K
  class space    used 2765K, committed 2880K, reserved 1048576K
}
Event: 23.442 GC heap after
{Heap after GC invocations=5 (full 0):
 garbage-first heap   total 63488K, used 36285K [0x00000000c3000000, 0x0000000100000000)
  region size 1024K, 1 young (1024K), 1 survivors (1024K)
 Metaspace       used 20744K, committed 20992K, reserved 1114112K
  class space    used 2765K, committed 2880K, reserved 1048576K
}
Event: 32.036 GC heap before
{Heap before GC invocations=6 (full 0):
 garbage-first heap   total 83968K, used 78269K [0x00000000c3000000, 0x0000000100000000)
  region size 1024K, 5 young (5120K), 1 survivors (1024K)
 Metaspace       used 21179K, committed 21504K, reserved 1114112K
  class space    used 2812K, committed 2944K, reserved 1048576K
}
Event: 32.042 GC heap after
{Heap after GC invocations=7 (full 0):
 garbage-first heap   total 83968K, used 75306K [0x00000000c3000000, 0x0000000100000000)
  region size 1024K, 1 young (1024K), 1 survivors (1024K)
 Metaspace       used 21179K, committed 21504K, reserved 1114112K
  class space    used 2812K, committed 2944K, reserved 1048576K
}

