# JRE version: OpenJDK Runtime Environment Temurin-17.0.10+7 (17.0.10+7) (build 17.0.10+7)
# Java VM: OpenJDK 64-Bit Server VM Temurin-17.0.10+7 (17.0.10+7, mixed mode, tiered, compressed oops, compressed class ptrs, parallel gc, windows-amd64)
GC Precious Log:
 CPUs: 2 total, 2 available
 Memory: 3902M
 Large Page Support: Disabled
 NUMA Support: Disabled
 Compressed Oops: Enabled (32-bit)
 Alignments: Space 512K, Generation 512K, Heap 2M
 Heap Min Capacity: 100M
 Heap Initial Capacity: 100M
 Heap Max Capacity: 1G
 Pre-touch: Disabled
 Parallel Workers: 2
Heap:
 PSYoungGen      total 4608K, used 1386K [0x00000000eab00000, 0x00000000eb200000, 0x0000000100000000)
  eden space 4096K, 21% used [0x00000000eab00000,0x00000000eabdbf30,0x00000000eaf00000)
  from space 512K, 98% used [0x00000000eb100000,0x00000000eb17e980,0x00000000eb180000)
  to   space 1536K, 0% used [0x00000000eaf00000,0x00000000eaf00000,0x00000000eb080000)
 ParOldGen       total 137728K, used 127349K [0x00000000c0000000, 0x00000000c8680000, 0x00000000eab00000)
  object space 137728K, 92% used [0x00000000c0000000,0x00000000c7c5d6c0,0x00000000c8680000)
 Metaspace       used 89522K, committed 91136K, reserved 1179648K
  class space    used 9265K, committed 9920K, reserved 1048576K
GC Heap History (20 events):
Event: 952.039 GC heap before
{Heap before GC invocations=884 (full 24):
 PSYoungGen      total 6144K, used 2026K [0x00000000eab00000, 0x00000000eb700000, 0x0000000100000000)
  eden space 4096K, 0% used [0x00000000eab00000,0x00000000eab00000,0x00000000eaf00000)
  from space 2048K, 98% used [0x00000000eaf00000,0x00000000eb0fa8c0,0x00000000eb100000)
  to   space 4096K, 0% used [0x00000000eb300000,0x00000000eb300000,0x00000000eb700000)
 ParOldGen       total 139264K, used 138551K [0x00000000c0000000, 0x00000000c8800000, 0x00000000eab00000)
  object space 139264K, 99% used [0x00000000c0000000,0x00000000c874df78,0x00000000c8800000)
 Metaspace       used 89513K, committed 91136K, reserved 1179648K
  class space    used 9265K, committed 9920K, reserved 1048576K
}
Event: 952.344 GC heap after
{Heap after GC invocations=884 (full 24):
 PSYoungGen      total 8192K, used 0K [0x00000000eab00000, 0x00000000eb700000, 0x0000000100000000)
  eden space 4096K, 0% used [0x00000000eab00000,0x00000000eab00000,0x00000000eaf00000)
  from space 4096K, 0% used [0x00000000eb300000,0x00000000eb300000,0x00000000eb700000)
  to   space 4096K, 0% used [0x00000000eaf00000,0x00000000eaf00000,0x00000000eb300000)
 ParOldGen       total 137728K, used 110156K [0x00000000c0000000, 0x00000000c8680000, 0x00000000eab00000)
  object space 137728K, 79% used [0x00000000c0000000,0x00000000c6b93180,0x00000000c8680000)
 Metaspace       used 89513K, committed 91136K, reserved 1179648K
  class space    used 9265K, committed 9920K, reserved 1048576K
}
Event: 952.378 GC heap before
{Heap before GC invocations=885 (full 24):
 PSYoungGen      total 8192K, used 4096K [0x00000000eab00000, 0x00000000eb700000, 0x0000000100000000)
  eden space 4096K, 100% used [0x00000000eab00000,0x00000000eaf00000,0x00000000eaf00000)
  from space 4096K, 0% used [0x00000000eb300000,0x00000000eb300000,0x00000000eb700000)
  to   space 4096K, 0% used [0x00000000eaf00000,0x00000000eaf00000,0x00000000eb300000)
 ParOldGen       total 137728K, used 110156K [0x00000000c0000000, 0x00000000c8680000, 0x00000000eab00000)
  object space 137728K, 79% used [0x00000000c0000000,0x00000000c6b93180,0x00000000c8680000)
 Metaspace       used 89513K, committed 91136K, reserved 1179648K
  class space    used 9265K, committed 9920K, reserved 1048576K
}
Event: 952.384 GC heap after
{Heap after GC invocations=885 (full 24):
 PSYoungGen      total 8192K, used 3610K [0x00000000eab00000, 0x00000000eb700000, 0x0000000100000000)
  eden space 4096K, 0% used [0x00000000eab00000,0x00000000eab00000,0x00000000eaf00000)
  from space 4096K, 88% used [0x00000000eaf00000,0x00000000eb286980,0x00000000eb300000)
  to   space 4096K, 0% used [0x00000000eb300000,0x00000000eb300000,0x00000000eb700000)
 ParOldGen       total 137728K, used 110156K [0x00000000c0000000, 0x00000000c8680000, 0x00000000eab00000)
  object space 137728K, 79% used [0x00000000c0000000,0x00000000c6b93180,0x00000000c8680000)
 Metaspace       used 89513K, committed 91136K, reserved 1179648K
  class space    used 9265K, committed 9920K, reserved 1048576K
}
Event: 952.836 GC heap before
{Heap before GC invocations=886 (full 24):
 PSYoungGen      total 8192K, used 7706K [0x00000000eab00000, 0x00000000eb700000, 0x0000000100000000)
  eden space 4096K, 100% used [0x00000000eab00000,0x00000000eaf00000,0x00000000eaf00000)
  from space 4096K, 88% used [0x00000000eaf00000,0x00000000eb286980,0x00000000eb300000)
  to   space 4096K, 0% used [0x00000000eb300000,0x00000000eb300000,0x00000000eb700000)
 ParOldGen       total 137728K, used 110156K [0x00000000c0000000, 0x00000000c8680000, 0x00000000eab00000)
  object space 137728K, 79% used [0x00000000c0000000,0x00000000c6b93180,0x00000000c8680000)
 Metaspace       used 89513K, committed 91136K, reserved 1179648K
  class space    used 9265K, committed 9920K, reserved 1048576K
}
Event: 952.847 GC heap after
{Heap after GC invocations=886 (full 24):
 PSYoungGen      total 8192K, used 3712K [0x00000000eab00000, 0x00000000eb700000, 0x0000000100000000)
  eden space 4096K, 0% used [0x00000000eab00000,0x00000000eab00000,0x00000000eaf00000)
  from space 4096K, 90% used [0x00000000eb300000,0x00000000eb6a0000,0x00000000eb700000)
  to   space 4096K, 0% used [0x00000000eaf00000,0x00000000eaf00000,0x00000000eb300000)
 ParOldGen       total 137728K, used 113758K [0x00000000c0000000, 0x00000000c8680000, 0x00000000eab00000)
  object space 137728K, 82% used [0x00000000c0000000,0x00000000c6f17a78,0x00000000c8680000)
 Metaspace       used 89513K, committed 91136K, reserved 1179648K
  class space    used 9265K, committed 9920K, reserved 1048576K
}
Event: 952.885 GC heap before
{Heap before GC invocations=887 (full 24):
 PSYoungGen      total 8192K, used 7808K [0x00000000eab00000, 0x00000000eb700000, 0x0000000100000000)
  eden space 4096K, 100% used [0x00000000eab00000,0x00000000eaf00000,0x00000000eaf00000)
  from space 4096K, 90% used [0x00000000eb300000,0x00000000eb6a0000,0x00000000eb700000)
  to   space 4096K, 0% used [0x00000000eaf00000,0x00000000eaf00000,0x00000000eb300000)
 ParOldGen       total 137728K, used 113758K [0x00000000c0000000, 0x00000000c8680000, 0x00000000eab00000)
  object space 137728K, 82% used [0x00000000c0000000,0x00000000c6f17a78,0x00000000c8680000)
 Metaspace       used 89513K, committed 91136K, reserved 1179648K
  class space    used 9265K, committed 9920K, reserved 1048576K
}
Event: 952.893 GC heap after
{Heap after GC invocations=887 (full 24):
 PSYoungGen      total 6144K, used 1728K [0x00000000eab00000, 0x00000000eb400000, 0x0000000100000000)
  eden space 4096K, 0% used [0x00000000eab00000,0x00000000eab00000,0x00000000eaf00000)
  from space 2048K, 84% used [0x00000000eaf00000,0x00000000eb0b0000,0x00000000eb100000)
  to   space 2560K, 0% used [0x00000000eb180000,0x00000000eb180000,0x00000000eb400000)
 ParOldGen       total 137728K, used 117470K [0x00000000c0000000, 0x00000000c8680000, 0x00000000eab00000)
  object space 137728K, 85% used [0x00000000c0000000,0x00000000c72b7a78,0x00000000c8680000)
 Metaspace       used 89513K, committed 91136K, reserved 1179648K
  class space    used 9265K, committed 9920K, reserved 1048576K
}
Event: 953.183 GC heap before
{Heap before GC invocations=888 (full 24):
 PSYoungGen      total 6144K, used 5824K [0x00000000eab00000, 0x00000000eb400000, 0x0000000100000000)
  eden space 4096K, 100% used [0x00000000eab00000,0x00000000eaf00000,0x00000000eaf00000)
  from space 2048K, 84% used [0x00000000eaf00000,0x00000000eb0b0000,0x00000000eb100000)
  to   space 2560K, 0% used [0x00000000eb180000,0x00000000eb180000,0x00000000eb400000)
 ParOldGen       total 137728K, used 117470K [0x00000000c0000000, 0x00000000c8680000, 0x00000000eab00000)
  object space 137728K, 85% used [0x00000000c0000000,0x00000000c72b7a78,0x00000000c8680000)
 Metaspace       used 89513K, committed 91136K, reserved 1179648K
  class space    used 9265K, committed 9920K, reserved 1048576K
}
Event: 953.191 GC heap after
{Heap after GC invocations=888 (full 24):
 PSYoungGen      total 5632K, used 1216K [0x00000000eab00000, 0x00000000eb300000, 0x0000000100000000)
  eden space 4096K, 0% used [0x00000000eab00000,0x00000000eab00000,0x00000000eaf00000)
  from space 1536K, 79% used [0x00000000eb180000,0x00000000eb2b0000,0x00000000eb300000)
  to   space 1536K, 0% used [0x00000000eb000000,0x00000000eb000000,0x00000000eb180000)
 ParOldGen       total 137728K, used 119104K [0x00000000c0000000, 0x00000000c8680000, 0x00000000eab00000)
  object space 137728K, 86% used [0x00000000c0000000,0x00000000c7450398,0x00000000c8680000)
 Metaspace       used 89513K, committed 91136K, reserved 1179648K
  class space    used 9265K, committed 9920K, reserved 1048576K
}
Event: 953.396 GC heap before
{Heap before GC invocations=889 (full 24):
 PSYoungGen      total 5632K, used 5312K [0x00000000eab00000, 0x00000000eb300000, 0x0000000100000000)
  eden space 4096K, 100% used [0x00000000eab00000,0x00000000eaf00000,0x00000000eaf00000)
  from space 1536K, 79% used [0x00000000eb180000,0x00000000eb2b0000,0x00000000eb300000)
  to   space 1536K, 0% used [0x00000000eb000000,0x00000000eb000000,0x00000000eb180000)
 ParOldGen       total 137728K, used 119104K [0x00000000c0000000, 0x00000000c8680000, 0x00000000eab00000)
  object space 137728K, 86% used [0x00000000c0000000,0x00000000c7450398,0x00000000c8680000)
 Metaspace       used 89515K, committed 91136K, reserved 1179648K
  class space    used 9265K, committed 9920K, reserved 1048576K
}
Event: 953.417 GC heap after
{Heap after GC invocations=889 (full 24):
 PSYoungGen      total 5120K, used 768K [0x00000000eab00000, 0x00000000eb200000, 0x0000000100000000)
  eden space 4096K, 0% used [0x00000000eab00000,0x00000000eab00000,0x00000000eaf00000)
  from space 1024K, 75% used [0x00000000eb000000,0x00000000eb0c0000,0x00000000eb100000)
  to   space 1024K, 0% used [0x00000000eb100000,0x00000000eb100000,0x00000000eb200000)
 ParOldGen       total 137728K, used 120251K [0x00000000c0000000, 0x00000000c8680000, 0x00000000eab00000)
  object space 137728K, 87% used [0x00000000c0000000,0x00000000c756ec50,0x00000000c8680000)
 Metaspace       used 89515K, committed 91136K, reserved 1179648K
  class space    used 9265K, committed 9920K, reserved 1048576K
}
Event: 953.527 GC heap before
{Heap before GC invocations=890 (full 24):
 PSYoungGen      total 5120K, used 4864K [0x00000000eab00000, 0x00000000eb200000, 0x0000000100000000)
  eden space 4096K, 100% used [0x00000000eab00000,0x00000000eaf00000,0x00000000eaf00000)
  from space 1024K, 75% used [0x00000000eb000000,0x00000000eb0c0000,0x00000000eb100000)
  to   space 1024K, 0% used [0x00000000eb100000,0x00000000eb100000,0x00000000eb200000)
 ParOldGen       total 137728K, used 120251K [0x00000000c0000000, 0x00000000c8680000, 0x00000000eab00000)
  object space 137728K, 87% used [0x00000000c0000000,0x00000000c756ec50,0x00000000c8680000)
 Metaspace       used 89515K, committed 91136K, reserved 1179648K
  class space    used 9265K, committed 9920K, reserved 1048576K
}
Event: 953.539 GC heap after
{Heap after GC invocations=890 (full 24):
 PSYoungGen      total 4608K, used 96K [0x00000000eab00000, 0x00000000eb180000, 0x0000000100000000)
  eden space 4096K, 0% used [0x00000000eab00000,0x00000000eab00000,0x00000000eaf00000)
  from space 512K, 18% used [0x00000000eb100000,0x00000000eb118000,0x00000000eb180000)
  to   space 512K, 0% used [0x00000000eb080000,0x00000000eb080000,0x00000000eb100000)
 ParOldGen       total 137728K, used 120967K [0x00000000c0000000, 0x00000000c8680000, 0x00000000eab00000)
  object space 137728K, 87% used [0x00000000c0000000,0x00000000c7621c80,0x00000000c8680000)
 Metaspace       used 89515K, committed 91136K, reserved 1179648K
  class space    used 9265K, committed 9920K, reserved 1048576K
}
Event: 955.135 GC heap before
{Heap before GC invocations=891 (full 24):
 PSYoungGen      total 4608K, used 4192K [0x00000000eab00000, 0x00000000eb180000, 0x0000000100000000)
  eden space 4096K, 100% used [0x00000000eab00000,0x00000000eaf00000,0x00000000eaf00000)
  from space 512K, 18% used [0x00000000eb100000,0x00000000eb118000,0x00000000eb180000)
  to   space 512K, 0% used [0x00000000eb080000,0x00000000eb080000,0x00000000eb100000)
 ParOldGen       total 137728K, used 120967K [0x00000000c0000000, 0x00000000c8680000, 0x00000000eab00000)
  object space 137728K, 87% used [0x00000000c0000000,0x00000000c7621c80,0x00000000c8680000)
 Metaspace       used 89515K, committed 91136K, reserved 1179648K
  class space    used 9265K, committed 9920K, reserved 1048576K
}
Event: 955.140 GC heap after
{Heap after GC invocations=891 (full 24):
 PSYoungGen      total 4608K, used 32K [0x00000000eab00000, 0x00000000eb180000, 0x0000000100000000)
  eden space 4096K, 0% used [0x00000000eab00000,0x00000000eab00000,0x00000000eaf00000)
  from space 512K, 6% used [0x00000000eb080000,0x00000000eb088000,0x00000000eb100000)
  to   space 512K, 0% used [0x00000000eb100000,0x00000000eb100000,0x00000000eb180000)
 ParOldGen       total 137728K, used 120975K [0x00000000c0000000, 0x00000000c8680000, 0x00000000eab00000)
  object space 137728K, 87% used [0x00000000c0000000,0x00000000c7623c80,0x00000000c8680000)
 Metaspace       used 89515K, committed 91136K, reserved 1179648K
  class space    used 9265K, committed 9920K, reserved 1048576K
}
Event: 955.401 GC heap before
{Heap before GC invocations=892 (full 24):
 PSYoungGen      total 4608K, used 4128K [0x00000000eab00000, 0x00000000eb180000, 0x0000000100000000)
  eden space 4096K, 100% used [0x00000000eab00000,0x00000000eaf00000,0x00000000eaf00000)
  from space 512K, 6% used [0x00000000eb080000,0x00000000eb088000,0x00000000eb100000)
  to   space 512K, 0% used [0x00000000eb100000,0x00000000eb100000,0x00000000eb180000)
 ParOldGen       total 137728K, used 120975K [0x00000000c0000000, 0x00000000c8680000, 0x00000000eab00000)
  object space 137728K, 87% used [0x00000000c0000000,0x00000000c7623c80,0x00000000c8680000)
 Metaspace       used 89518K, committed 91136K, reserved 1179648K
  class space    used 9265K, committed 9920K, reserved 1048576K
}
Event: 955.405 GC heap after
{Heap after GC invocations=892 (full 24):
 PSYoungGen      total 4608K, used 480K [0x00000000eab00000, 0x00000000eb200000, 0x0000000100000000)
  eden space 4096K, 0% used [0x00000000eab00000,0x00000000eab00000,0x00000000eaf00000)
  from space 512K, 93% used [0x00000000eb100000,0x00000000eb178020,0x00000000eb180000)
  to   space 1536K, 0% used [0x00000000eaf00000,0x00000000eaf00000,0x00000000eb080000)
 ParOldGen       total 137728K, used 121699K [0x00000000c0000000, 0x00000000c8680000, 0x00000000eab00000)
  object space 137728K, 88% used [0x00000000c0000000,0x00000000c76d8cd0,0x00000000c8680000)
 Metaspace       used 89518K, committed 91136K, reserved 1179648K
  class space    used 9265K, committed 9920K, reserved 1048576K
}
Event: 955.491 GC heap before
{Heap before GC invocations=893 (full 24):
 PSYoungGen      total 4608K, used 4576K [0x00000000eab00000, 0x00000000eb200000, 0x0000000100000000)
  eden space 4096K, 100% used [0x00000000eab00000,0x00000000eaf00000,0x00000000eaf00000)
  from space 512K, 93% used [0x00000000eb100000,0x00000000eb178020,0x00000000eb180000)
  to   space 1536K, 0% used [0x00000000eaf00000,0x00000000eaf00000,0x00000000eb080000)
 ParOldGen       total 137728K, used 121699K [0x00000000c0000000, 0x00000000c8680000, 0x00000000eab00000)
  object space 137728K, 88% used [0x00000000c0000000,0x00000000c76d8cd0,0x00000000c8680000)
 Metaspace       used 89520K, committed 91136K, reserved 1179648K
  class space    used 9265K, committed 9920K, reserved 1048576K
}
Event: 955.496 GC heap after
{Heap after GC invocations=893 (full 24):
 PSYoungGen      total 5632K, used 1514K [0x00000000eab00000, 0x00000000eb200000, 0x0000000100000000)
  eden space 4096K, 0% used [0x00000000eab00000,0x00000000eab00000,0x00000000eaf00000)
  from space 1536K, 98% used [0x00000000eaf00000,0x00000000eb07a8c0,0x00000000eb080000)
  to   space 512K, 0% used [0x00000000eb100000,0x00000000eb100000,0x00000000eb180000)
 ParOldGen       total 137728K, used 122389K [0x00000000c0000000, 0x00000000c8680000, 0x00000000eab00000)
  object space 137728K, 88% used [0x00000000c0000000,0x00000000c77854f0,0x00000000c8680000)
 Metaspace       used 89520K, committed 91136K, reserved 1179648K
  class space    used 9265K, committed 9920K, reserved 1048576K
}

