# JRE version: OpenJDK Runtime Environment Temurin-17.0.10+7 (17.0.10+7) (build 17.0.10+7)
# Java VM: OpenJDK 64-Bit Server VM Temurin-17.0.10+7 (17.0.10+7, mixed mode, tiered, compressed oops, compressed class ptrs, parallel gc, windows-amd64)
GC Precious Log:
 CPUs: 2 total, 2 available
 Memory: 3902M
 Large Page Support: Disabled
 NUMA Support: Disabled
 Compressed Oops: Enabled (32-bit)
 Alignments: Space 512K, Generation 512K, Heap 2M
 Heap Min Capacity: 100M
 Heap Initial Capacity: 100M
 Heap Max Capacity: 1G
 Pre-touch: Disabled
 Parallel Workers: 2
Heap:
 PSYoungGen      total 24576K, used 6756K [0x00000000eab00000, 0x00000000ec580000, 0x0000000100000000)
  eden space 22016K, 30% used [0x00000000eab00000,0x00000000eb1990e0,0x00000000ec080000)
  from space 2560K, 0% used [0x00000000ec180000,0x00000000ec180000,0x00000000ec400000)
  to   space 1024K, 0% used [0x00000000ec480000,0x00000000ec480000,0x00000000ec580000)
 ParOldGen       total 68608K, used 33602K [0x00000000c0000000, 0x00000000c4300000, 0x00000000eab00000)
  object space 68608K, 48% used [0x00000000c0000000,0x00000000c20d0b78,0x00000000c4300000)
 Metaspace       used 59690K, committed 60800K, reserved 1114112K
  class space    used 6412K, committed 6912K, reserved 1048576K
GC Heap History (20 events):
Event: 18.967 GC heap before
{Heap before GC invocations=21 (full 2):
 PSYoungGen      total 23552K, used 23345K [0x00000000eab00000, 0x00000000ec580000, 0x0000000100000000)
  eden space 22016K, 100% used [0x00000000eab00000,0x00000000ec080000,0x00000000ec080000)
  from space 1536K, 86% used [0x00000000ec400000,0x00000000ec54c738,0x00000000ec580000)
  to   space 2048K, 0% used [0x00000000ec180000,0x00000000ec180000,0x00000000ec380000)
 ParOldGen       total 68608K, used 23382K [0x00000000c0000000, 0x00000000c4300000, 0x00000000eab00000)
  object space 68608K, 34% used [0x00000000c0000000,0x00000000c16d5af0,0x00000000c4300000)
 Metaspace       used 49992K, committed 51072K, reserved 1114112K
  class space    used 5384K, committed 5824K, reserved 1048576K
}
Event: 18.975 GC heap after
{Heap after GC invocations=21 (full 2):
 PSYoungGen      total 24064K, used 640K [0x00000000eab00000, 0x00000000ec480000, 0x0000000100000000)
  eden space 22016K, 0% used [0x00000000eab00000,0x00000000eab00000,0x00000000ec080000)
  from space 2048K, 31% used [0x00000000ec180000,0x00000000ec220000,0x00000000ec380000)
  to   space 1024K, 0% used [0x00000000ec380000,0x00000000ec380000,0x00000000ec480000)
 ParOldGen       total 68608K, used 24447K [0x00000000c0000000, 0x00000000c4300000, 0x00000000eab00000)
  object space 68608K, 35% used [0x00000000c0000000,0x00000000c17dfef0,0x00000000c4300000)
 Metaspace       used 49992K, committed 51072K, reserved 1114112K
  class space    used 5384K, committed 5824K, reserved 1048576K
}
Event: 19.925 GC heap before
{Heap before GC invocations=22 (full 2):
 PSYoungGen      total 24064K, used 22655K [0x00000000eab00000, 0x00000000ec480000, 0x0000000100000000)
  eden space 22016K, 99% used [0x00000000eab00000,0x00000000ec07ffe8,0x00000000ec080000)
  from space 2048K, 31% used [0x00000000ec180000,0x00000000ec220000,0x00000000ec380000)
  to   space 1024K, 0% used [0x00000000ec380000,0x00000000ec380000,0x00000000ec480000)
 ParOldGen       total 68608K, used 24447K [0x00000000c0000000, 0x00000000c4300000, 0x00000000eab00000)
  object space 68608K, 35% used [0x00000000c0000000,0x00000000c17dfef0,0x00000000c4300000)
 Metaspace       used 51855K, committed 52864K, reserved 1114112K
  class space    used 5577K, committed 6016K, reserved 1048576K
}
Event: 19.930 GC heap after
{Heap after GC invocations=22 (full 2):
 PSYoungGen      total 23040K, used 999K [0x00000000eab00000, 0x00000000ec480000, 0x0000000100000000)
  eden space 22016K, 0% used [0x00000000eab00000,0x00000000eab00000,0x00000000ec080000)
  from space 1024K, 97% used [0x00000000ec380000,0x00000000ec479fc0,0x00000000ec480000)
  to   space 2048K, 0% used [0x00000000ec080000,0x00000000ec080000,0x00000000ec280000)
 ParOldGen       total 68608K, used 25063K [0x00000000c0000000, 0x00000000c4300000, 0x00000000eab00000)
  object space 68608K, 36% used [0x00000000c0000000,0x00000000c1879ef0,0x00000000c4300000)
 Metaspace       used 51855K, committed 52864K, reserved 1114112K
  class space    used 5577K, committed 6016K, reserved 1048576K
}
Event: 20.173 GC heap before
{Heap before GC invocations=23 (full 2):
 PSYoungGen      total 23040K, used 23015K [0x00000000eab00000, 0x00000000ec480000, 0x0000000100000000)
  eden space 22016K, 100% used [0x00000000eab00000,0x00000000ec080000,0x00000000ec080000)
  from space 1024K, 97% used [0x00000000ec380000,0x00000000ec479fc0,0x00000000ec480000)
  to   space 2048K, 0% used [0x00000000ec080000,0x00000000ec080000,0x00000000ec280000)
 ParOldGen       total 68608K, used 25063K [0x00000000c0000000, 0x00000000c4300000, 0x00000000eab00000)
  object space 68608K, 36% used [0x00000000c0000000,0x00000000c1879ef0,0x00000000c4300000)
 Metaspace       used 52396K, committed 53504K, reserved 1114112K
  class space    used 5619K, committed 6080K, reserved 1048576K
}
Event: 20.183 GC heap after
{Heap after GC invocations=23 (full 2):
 PSYoungGen      total 24064K, used 2048K [0x00000000eab00000, 0x00000000ec780000, 0x0000000100000000)
  eden space 22016K, 0% used [0x00000000eab00000,0x00000000eab00000,0x00000000ec080000)
  from space 2048K, 100% used [0x00000000ec080000,0x00000000ec280000,0x00000000ec280000)
  to   space 3584K, 0% used [0x00000000ec400000,0x00000000ec400000,0x00000000ec780000)
 ParOldGen       total 68608K, used 26055K [0x00000000c0000000, 0x00000000c4300000, 0x00000000eab00000)
  object space 68608K, 37% used [0x00000000c0000000,0x00000000c1971e40,0x00000000c4300000)
 Metaspace       used 52396K, committed 53504K, reserved 1114112K
  class space    used 5619K, committed 6080K, reserved 1048576K
}
Event: 20.267 GC heap before
{Heap before GC invocations=24 (full 2):
 PSYoungGen      total 24064K, used 24064K [0x00000000eab00000, 0x00000000ec780000, 0x0000000100000000)
  eden space 22016K, 100% used [0x00000000eab00000,0x00000000ec080000,0x00000000ec080000)
  from space 2048K, 100% used [0x00000000ec080000,0x00000000ec280000,0x00000000ec280000)
  to   space 3584K, 0% used [0x00000000ec400000,0x00000000ec400000,0x00000000ec780000)
 ParOldGen       total 68608K, used 26055K [0x00000000c0000000, 0x00000000c4300000, 0x00000000eab00000)
  object space 68608K, 37% used [0x00000000c0000000,0x00000000c1971e40,0x00000000c4300000)
 Metaspace       used 52491K, committed 53568K, reserved 1114112K
  class space    used 5629K, committed 6080K, reserved 1048576K
}
Event: 20.280 GC heap after
{Heap after GC invocations=24 (full 2):
 PSYoungGen      total 24576K, used 2400K [0x00000000eab00000, 0x00000000ec680000, 0x0000000100000000)
  eden space 22016K, 0% used [0x00000000eab00000,0x00000000eab00000,0x00000000ec080000)
  from space 2560K, 93% used [0x00000000ec400000,0x00000000ec658010,0x00000000ec680000)
  to   space 3072K, 0% used [0x00000000ec080000,0x00000000ec080000,0x00000000ec380000)
 ParOldGen       total 68608K, used 28112K [0x00000000c0000000, 0x00000000c4300000, 0x00000000eab00000)
  object space 68608K, 40% used [0x00000000c0000000,0x00000000c1b743a8,0x00000000c4300000)
 Metaspace       used 52491K, committed 53568K, reserved 1114112K
  class space    used 5629K, committed 6080K, reserved 1048576K
}
Event: 20.632 GC heap before
{Heap before GC invocations=25 (full 2):
 PSYoungGen      total 24576K, used 24416K [0x00000000eab00000, 0x00000000ec680000, 0x0000000100000000)
  eden space 22016K, 100% used [0x00000000eab00000,0x00000000ec080000,0x00000000ec080000)
  from space 2560K, 93% used [0x00000000ec400000,0x00000000ec658010,0x00000000ec680000)
  to   space 3072K, 0% used [0x00000000ec080000,0x00000000ec080000,0x00000000ec380000)
 ParOldGen       total 68608K, used 28112K [0x00000000c0000000, 0x00000000c4300000, 0x00000000eab00000)
  object space 68608K, 40% used [0x00000000c0000000,0x00000000c1b743a8,0x00000000c4300000)
 Metaspace       used 53201K, committed 54272K, reserved 1114112K
  class space    used 5740K, committed 6208K, reserved 1048576K
}
Event: 20.641 GC heap after
{Heap after GC invocations=25 (full 2):
 PSYoungGen      total 23552K, used 1248K [0x00000000eab00000, 0x00000000ec480000, 0x0000000100000000)
  eden space 22016K, 0% used [0x00000000eab00000,0x00000000eab00000,0x00000000ec080000)
  from space 1536K, 81% used [0x00000000ec080000,0x00000000ec1b8000,0x00000000ec200000)
  to   space 2048K, 0% used [0x00000000ec280000,0x00000000ec280000,0x00000000ec480000)
 ParOldGen       total 68608K, used 30488K [0x00000000c0000000, 0x00000000c4300000, 0x00000000eab00000)
  object space 68608K, 44% used [0x00000000c0000000,0x00000000c1dc63b8,0x00000000c4300000)
 Metaspace       used 53201K, committed 54272K, reserved 1114112K
  class space    used 5740K, committed 6208K, reserved 1048576K
}
Event: 21.980 GC heap before
{Heap before GC invocations=26 (full 2):
 PSYoungGen      total 23552K, used 23264K [0x00000000eab00000, 0x00000000ec480000, 0x0000000100000000)
  eden space 22016K, 100% used [0x00000000eab00000,0x00000000ec080000,0x00000000ec080000)
  from space 1536K, 81% used [0x00000000ec080000,0x00000000ec1b8000,0x00000000ec200000)
  to   space 2048K, 0% used [0x00000000ec280000,0x00000000ec280000,0x00000000ec480000)
 ParOldGen       total 68608K, used 30488K [0x00000000c0000000, 0x00000000c4300000, 0x00000000eab00000)
  object space 68608K, 44% used [0x00000000c0000000,0x00000000c1dc63b8,0x00000000c4300000)
 Metaspace       used 56204K, committed 57216K, reserved 1114112K
  class space    used 6039K, committed 6464K, reserved 1048576K
}
Event: 21.987 GC heap after
{Heap after GC invocations=26 (full 2):
 PSYoungGen      total 23552K, used 1264K [0x00000000eab00000, 0x00000000ec400000, 0x0000000100000000)
  eden space 22016K, 0% used [0x00000000eab00000,0x00000000eab00000,0x00000000ec080000)
  from space 1536K, 82% used [0x00000000ec280000,0x00000000ec3bc2a8,0x00000000ec400000)
  to   space 1536K, 0% used [0x00000000ec080000,0x00000000ec080000,0x00000000ec200000)
 ParOldGen       total 68608K, used 31648K [0x00000000c0000000, 0x00000000c4300000, 0x00000000eab00000)
  object space 68608K, 46% used [0x00000000c0000000,0x00000000c1ee83b8,0x00000000c4300000)
 Metaspace       used 56204K, committed 57216K, reserved 1114112K
  class space    used 6039K, committed 6464K, reserved 1048576K
}
Event: 22.984 GC heap before
{Heap before GC invocations=27 (full 2):
 PSYoungGen      total 23552K, used 23280K [0x00000000eab00000, 0x00000000ec400000, 0x0000000100000000)
  eden space 22016K, 100% used [0x00000000eab00000,0x00000000ec080000,0x00000000ec080000)
  from space 1536K, 82% used [0x00000000ec280000,0x00000000ec3bc2a8,0x00000000ec400000)
  to   space 1536K, 0% used [0x00000000ec080000,0x00000000ec080000,0x00000000ec200000)
 ParOldGen       total 68608K, used 31648K [0x00000000c0000000, 0x00000000c4300000, 0x00000000eab00000)
  object space 68608K, 46% used [0x00000000c0000000,0x00000000c1ee83b8,0x00000000c4300000)
 Metaspace       used 58217K, committed 59328K, reserved 1114112K
  class space    used 6271K, committed 6720K, reserved 1048576K
}
Event: 22.994 GC heap after
{Heap after GC invocations=27 (full 2):
 PSYoungGen      total 23552K, used 1531K [0x00000000eab00000, 0x00000000ec980000, 0x0000000100000000)
  eden space 22016K, 0% used [0x00000000eab00000,0x00000000eab00000,0x00000000ec080000)
  from space 1536K, 99% used [0x00000000ec080000,0x00000000ec1fee78,0x00000000ec200000)
  to   space 4608K, 0% used [0x00000000ec500000,0x00000000ec500000,0x00000000ec980000)
 ParOldGen       total 68608K, used 33937K [0x00000000c0000000, 0x00000000c4300000, 0x00000000eab00000)
  object space 68608K, 49% used [0x00000000c0000000,0x00000000c21244f0,0x00000000c4300000)
 Metaspace       used 58217K, committed 59328K, reserved 1114112K
  class space    used 6271K, committed 6720K, reserved 1048576K
}
Event: 23.251 GC heap before
{Heap before GC invocations=28 (full 2):
 PSYoungGen      total 23552K, used 23547K [0x00000000eab00000, 0x00000000ec980000, 0x0000000100000000)
  eden space 22016K, 100% used [0x00000000eab00000,0x00000000ec080000,0x00000000ec080000)
  from space 1536K, 99% used [0x00000000ec080000,0x00000000ec1fee78,0x00000000ec200000)
  to   space 4608K, 0% used [0x00000000ec500000,0x00000000ec500000,0x00000000ec980000)
 ParOldGen       total 68608K, used 33937K [0x00000000c0000000, 0x00000000c4300000, 0x00000000eab00000)
  object space 68608K, 49% used [0x00000000c0000000,0x00000000c21244f0,0x00000000c4300000)
 Metaspace       used 58388K, committed 59456K, reserved 1114112K
  class space    used 6291K, committed 6720K, reserved 1048576K
}
Event: 23.257 GC heap after
{Heap after GC invocations=28 (full 2):
 PSYoungGen      total 23552K, used 1047K [0x00000000eab00000, 0x00000000ec680000, 0x0000000100000000)
  eden space 22016K, 0% used [0x00000000eab00000,0x00000000eab00000,0x00000000ec080000)
  from space 1536K, 68% used [0x00000000ec500000,0x00000000ec605ed0,0x00000000ec680000)
  to   space 2560K, 0% used [0x00000000ec180000,0x00000000ec180000,0x00000000ec400000)
 ParOldGen       total 68608K, used 35468K [0x00000000c0000000, 0x00000000c4300000, 0x00000000eab00000)
  object space 68608K, 51% used [0x00000000c0000000,0x00000000c22a3368,0x00000000c4300000)
 Metaspace       used 58388K, committed 59456K, reserved 1114112K
  class space    used 6291K, committed 6720K, reserved 1048576K
}
Event: 23.459 GC heap before
{Heap before GC invocations=29 (full 2):
 PSYoungGen      total 23552K, used 11049K [0x00000000eab00000, 0x00000000ec680000, 0x0000000100000000)
  eden space 22016K, 45% used [0x00000000eab00000,0x00000000eb4c48e0,0x00000000ec080000)
  from space 1536K, 68% used [0x00000000ec500000,0x00000000ec605ed0,0x00000000ec680000)
  to   space 2560K, 0% used [0x00000000ec180000,0x00000000ec180000,0x00000000ec400000)
 ParOldGen       total 68608K, used 35468K [0x00000000c0000000, 0x00000000c4300000, 0x00000000eab00000)
  object space 68608K, 51% used [0x00000000c0000000,0x00000000c22a3368,0x00000000c4300000)
 Metaspace       used 58646K, committed 59776K, reserved 1114112K
  class space    used 6311K, committed 6848K, reserved 1048576K
}
Event: 23.462 GC heap after
{Heap after GC invocations=29 (full 2):
 PSYoungGen      total 24576K, used 160K [0x00000000eab00000, 0x00000000ec580000, 0x0000000100000000)
  eden space 22016K, 0% used [0x00000000eab00000,0x00000000eab00000,0x00000000ec080000)
  from space 2560K, 6% used [0x00000000ec180000,0x00000000ec1a8000,0x00000000ec400000)
  to   space 1024K, 0% used [0x00000000ec480000,0x00000000ec480000,0x00000000ec580000)
 ParOldGen       total 68608K, used 36045K [0x00000000c0000000, 0x00000000c4300000, 0x00000000eab00000)
  object space 68608K, 52% used [0x00000000c0000000,0x00000000c2333688,0x00000000c4300000)
 Metaspace       used 58646K, committed 59776K, reserved 1114112K
  class space    used 6311K, committed 6848K, reserved 1048576K
}
Event: 23.462 GC heap before
{Heap before GC invocations=30 (full 3):
 PSYoungGen      total 24576K, used 160K [0x00000000eab00000, 0x00000000ec580000, 0x0000000100000000)
  eden space 22016K, 0% used [0x00000000eab00000,0x00000000eab00000,0x00000000ec080000)
  from space 2560K, 6% used [0x00000000ec180000,0x00000000ec1a8000,0x00000000ec400000)
  to   space 1024K, 0% used [0x00000000ec480000,0x00000000ec480000,0x00000000ec580000)
 ParOldGen       total 68608K, used 36045K [0x00000000c0000000, 0x00000000c4300000, 0x00000000eab00000)
  object space 68608K, 52% used [0x00000000c0000000,0x00000000c2333688,0x00000000c4300000)
 Metaspace       used 58646K, committed 59776K, reserved 1114112K
  class space    used 6311K, committed 6848K, reserved 1048576K
}
Event: 23.689 GC heap after
{Heap after GC invocations=30 (full 3):
 PSYoungGen      total 24576K, used 0K [0x00000000eab00000, 0x00000000ec580000, 0x0000000100000000)
  eden space 22016K, 0% used [0x00000000eab00000,0x00000000eab00000,0x00000000ec080000)
  from space 2560K, 0% used [0x00000000ec180000,0x00000000ec180000,0x00000000ec400000)
  to   space 1024K, 0% used [0x00000000ec480000,0x00000000ec480000,0x00000000ec580000)
 ParOldGen       total 68608K, used 33602K [0x00000000c0000000, 0x00000000c4300000, 0x00000000eab00000)
  object space 68608K, 48% used [0x00000000c0000000,0x00000000c20d0b78,0x00000000c4300000)
 Metaspace       used 58646K, committed 59776K, reserved 1114112K
  class space    used 6311K, committed 6848K, reserved 1048576K
}

