# JRE version: Java(TM) SE Runtime Environment (17.0.8+9) (build 17.0.8+9-LTS-211)
# Java VM: Java HotSpot(TM) 64-Bit Server VM (17.0.8+9-LTS-211, mixed mode, sharing, tiered, compressed oops, compressed class ptrs, g1 gc, windows-amd64)
GC Precious Log:
 CPUs: 2 total, 2 available
 Memory: 3902M
 Large Page Support: Disabled
 NUMA Support: Disabled
 Compressed Oops: Enabled (32-bit)
 Heap Region Size: 1M
 Heap Min Capacity: 8M
 Heap Initial Capacity: 62M
 Heap Max Capacity: 976M
 Pre-touch: Disabled
 Parallel Workers: 2
 Concurrent Workers: 1
 Concurrent Refinement Workers: 2
 Periodic GC: Disabled
Heap:
 garbage-first heap   total 158720K, used 98506K [0x00000000c3000000, 0x0000000100000000)
  region size 1024K, 3 young (3072K), 2 survivors (2048K)
 Metaspace       used 23187K, committed 23552K, reserved 1114112K
  class space    used 3112K, committed 3264K, reserved 1048576K
GC Heap History (20 events):
Event: 4.390 GC heap before
{Heap before GC invocations=2 (full 0):
 garbage-first heap   total 63488K, used 37399K [0x00000000c3000000, 0x0000000100000000)
  region size 1024K, 37 young (37888K), 1 survivors (1024K)
 Metaspace       used 11617K, committed 11776K, reserved 1114112K
  class space    used 1638K, committed 1728K, reserved 1048576K
}
Event: 4.405 GC heap after
{Heap after GC invocations=3 (full 0):
 garbage-first heap   total 63488K, used 6269K [0x00000000c3000000, 0x0000000100000000)
  region size 1024K, 5 young (5120K), 5 survivors (5120K)
 Metaspace       used 11617K, committed 11776K, reserved 1114112K
  class space    used 1638K, committed 1728K, reserved 1048576K
}
Event: 18.432 GC heap before
{Heap before GC invocations=3 (full 0):
 garbage-first heap   total 63488K, used 49277K [0x00000000c3000000, 0x0000000100000000)
  region size 1024K, 27 young (27648K), 5 survivors (5120K)
 Metaspace       used 20483K, committed 20736K, reserved 1114112K
  class space    used 2765K, committed 2880K, reserved 1048576K
}
Event: 18.450 GC heap after
{Heap after GC invocations=4 (full 0):
 garbage-first heap   total 63488K, used 31645K [0x00000000c3000000, 0x0000000100000000)
  region size 1024K, 4 young (4096K), 4 survivors (4096K)
 Metaspace       used 20483K, committed 20736K, reserved 1114112K
  class space    used 2765K, committed 2880K, reserved 1048576K
}
Event: 18.551 GC heap before
{Heap before GC invocations=4 (full 0):
 garbage-first heap   total 63488K, used 35741K [0x00000000c3000000, 0x0000000100000000)
  region size 1024K, 5 young (5120K), 4 survivors (4096K)
 Metaspace       used 20486K, committed 20736K, reserved 1114112K
  class space    used 2765K, committed 2880K, reserved 1048576K
}
Event: 18.558 GC heap after
{Heap after GC invocations=5 (full 0):
 garbage-first heap   total 63488K, used 36417K [0x00000000c3000000, 0x0000000100000000)
  region size 1024K, 1 young (1024K), 1 survivors (1024K)
 Metaspace       used 20486K, committed 20736K, reserved 1114112K
  class space    used 2765K, committed 2880K, reserved 1048576K
}
Event: 23.191 GC heap before
{Heap before GC invocations=6 (full 0):
 garbage-first heap   total 83968K, used 79425K [0x00000000c3000000, 0x0000000100000000)
  region size 1024K, 10 young (10240K), 1 survivors (1024K)
 Metaspace       used 21243K, committed 21568K, reserved 1114112K
  class space    used 2860K, committed 3008K, reserved 1048576K
}
Event: 23.196 GC heap after
{Heap after GC invocations=7 (full 0):
 garbage-first heap   total 83968K, used 72524K [0x00000000c3000000, 0x0000000100000000)
  region size 1024K, 1 young (1024K), 1 survivors (1024K)
 Metaspace       used 21243K, committed 21568K, reserved 1114112K
  class space    used 2860K, committed 3008K, reserved 1048576K
}
Event: 23.802 GC heap before
{Heap before GC invocations=7 (full 0):
 garbage-first heap   total 83968K, used 75596K [0x00000000c3000000, 0x0000000100000000)
  region size 1024K, 4 young (4096K), 1 survivors (1024K)
 Metaspace       used 21382K, committed 21696K, reserved 1114112K
  class space    used 2879K, committed 3008K, reserved 1048576K
}
Event: 23.809 GC heap after
{Heap after GC invocations=8 (full 0):
 garbage-first heap   total 83968K, used 72799K [0x00000000c3000000, 0x0000000100000000)
  region size 1024K, 1 young (1024K), 1 survivors (1024K)
 Metaspace       used 21382K, committed 21696K, reserved 1114112K
  class space    used 2879K, committed 3008K, reserved 1048576K
}
Event: 24.179 GC heap before
{Heap before GC invocations=8 (full 0):
 garbage-first heap   total 83968K, used 75871K [0x00000000c3000000, 0x0000000100000000)
  region size 1024K, 4 young (4096K), 1 survivors (1024K)
 Metaspace       used 21846K, committed 22144K, reserved 1114112K
  class space    used 2962K, committed 3136K, reserved 1048576K
}
Event: 24.183 GC heap after
{Heap after GC invocations=9 (full 0):
 garbage-first heap   total 83968K, used 73495K [0x00000000c3000000, 0x0000000100000000)
  region size 1024K, 1 young (1024K), 1 survivors (1024K)
 Metaspace       used 21846K, committed 22144K, reserved 1114112K
  class space    used 2962K, committed 3136K, reserved 1048576K
}
Event: 27.442 GC heap before
{Heap before GC invocations=10 (full 0):
 garbage-first heap   total 124928K, used 78615K [0x00000000c3000000, 0x0000000100000000)
  region size 1024K, 6 young (6144K), 1 survivors (1024K)
 Metaspace       used 22955K, committed 23232K, reserved 1114112K
  class space    used 3110K, committed 3264K, reserved 1048576K
}
Event: 27.457 GC heap after
{Heap after GC invocations=11 (full 0):
 garbage-first heap   total 124928K, used 74856K [0x00000000c3000000, 0x0000000100000000)
  region size 1024K, 1 young (1024K), 1 survivors (1024K)
 Metaspace       used 22955K, committed 23232K, reserved 1114112K
  class space    used 3110K, committed 3264K, reserved 1048576K
}
Event: 100.817 GC heap before
{Heap before GC invocations=11 (full 0):
 garbage-first heap   total 124928K, used 76904K [0x00000000c3000000, 0x0000000100000000)
  region size 1024K, 4 young (4096K), 1 survivors (1024K)
 Metaspace       used 23171K, committed 23488K, reserved 1114112K
  class space    used 3111K, committed 3264K, reserved 1048576K
}
Event: 100.863 GC heap after
{Heap after GC invocations=12 (full 0):
 garbage-first heap   total 124928K, used 75033K [0x00000000c3000000, 0x0000000100000000)
  region size 1024K, 2 young (2048K), 2 survivors (2048K)
 Metaspace       used 23171K, committed 23488K, reserved 1114112K
  class space    used 3111K, committed 3264K, reserved 1048576K
}
Event: 101.231 GC heap before
{Heap before GC invocations=13 (full 0):
 garbage-first heap   total 155648K, used 90393K [0x00000000c3000000, 0x0000000100000000)
  region size 1024K, 3 young (3072K), 2 survivors (2048K)
 Metaspace       used 23186K, committed 23552K, reserved 1114112K
  class space    used 3112K, committed 3264K, reserved 1048576K
}
Event: 101.236 GC heap after
{Heap after GC invocations=14 (full 0):
 garbage-first heap   total 155648K, used 90216K [0x00000000c3000000, 0x0000000100000000)
  region size 1024K, 1 young (1024K), 1 survivors (1024K)
 Metaspace       used 23186K, committed 23552K, reserved 1114112K
  class space    used 3112K, committed 3264K, reserved 1048576K
}
Event: 101.336 GC heap before
{Heap before GC invocations=15 (full 0):
 garbage-first heap   total 158720K, used 94312K [0x00000000c3000000, 0x0000000100000000)
  region size 1024K, 2 young (2048K), 1 survivors (1024K)
 Metaspace       used 23187K, committed 23552K, reserved 1114112K
  class space    used 3112K, committed 3264K, reserved 1048576K
}
Event: 101.339 GC heap after
{Heap after GC invocations=16 (full 0):
 garbage-first heap   total 158720K, used 94410K [0x00000000c3000000, 0x0000000100000000)
  region size 1024K, 2 young (2048K), 2 survivors (2048K)
 Metaspace       used 23187K, committed 23552K, reserved 1114112K
  class space    used 3112K, committed 3264K, reserved 1048576K
}

